<?xml version="1.0" encoding="UTF-8"?>
<!-- Generated by org.testng.reporters.JUnitXMLReporter -->
<testsuite hostname="DESKTOP-21E8CQR" ignored="0" name="Default test" tests="3" failures="0" timestamp="27 May 2020 15:10:16 GMT" time="67.205" errors="0">
  <testcase name="loginPageTest" time="0.026" classname="com.crm.qa.testcases.LoginPageTest"/>
  <testcase name="crmLogoImageTest" time="0.067" classname="com.crm.qa.testcases.LoginPageTest"/>
  <testcase name="loginTest" time="9.201" classname="com.crm.qa.testcases.LoginPageTest"/>
</testsuite> <!-- Default test -->
