<?xml version="1.0" encoding="UTF-8"?>
<testng-results skipped="0" failed="0" ignored="0" total="3" passed="3">
  <reporter-output>
  </reporter-output>
  <suite name="Default suite" duration-ms="67205" started-at="2020-05-27T15:09:09Z" finished-at="2020-05-27T15:10:16Z">
    <groups>
    </groups>
    <test name="Default test" duration-ms="67205" started-at="2020-05-27T15:09:09Z" finished-at="2020-05-27T15:10:16Z">
      <class name="com.crm.qa.testcases.LoginPageTest">
        <test-method status="PASS" signature="setUp()[pri:0, instance:com.crm.qa.testcases.LoginPageTest@3159c4b8]" name="setUp" is-config="true" duration-ms="22953" started-at="2020-05-27T20:39:09Z" finished-at="2020-05-27T20:39:32Z">
          <reporter-output>
          </reporter-output>
        </test-method> <!-- setUp -->
        <test-method status="PASS" signature="loginPageTest()[pri:1, instance:com.crm.qa.testcases.LoginPageTest@3159c4b8]" name="loginPageTest" duration-ms="26" started-at="2020-05-27T20:39:32Z" finished-at="2020-05-27T20:39:32Z">
          <reporter-output>
          </reporter-output>
        </test-method> <!-- loginPageTest -->
        <test-method status="PASS" signature="tearDown()[pri:0, instance:com.crm.qa.testcases.LoginPageTest@3159c4b8]" name="tearDown" is-config="true" duration-ms="1532" started-at="2020-05-27T20:39:32Z" finished-at="2020-05-27T20:39:33Z">
          <reporter-output>
          </reporter-output>
        </test-method> <!-- tearDown -->
        <test-method status="PASS" signature="setUp()[pri:0, instance:com.crm.qa.testcases.LoginPageTest@3159c4b8]" name="setUp" is-config="true" duration-ms="15851" started-at="2020-05-27T20:39:33Z" finished-at="2020-05-27T20:39:49Z">
          <reporter-output>
          </reporter-output>
        </test-method> <!-- setUp -->
        <test-method status="PASS" signature="crmLogoImageTest()[pri:2, instance:com.crm.qa.testcases.LoginPageTest@3159c4b8]" name="crmLogoImageTest" duration-ms="67" started-at="2020-05-27T20:39:49Z" finished-at="2020-05-27T20:39:49Z">
          <reporter-output>
          </reporter-output>
        </test-method> <!-- crmLogoImageTest -->
        <test-method status="PASS" signature="tearDown()[pri:0, instance:com.crm.qa.testcases.LoginPageTest@3159c4b8]" name="tearDown" is-config="true" duration-ms="683" started-at="2020-05-27T20:39:49Z" finished-at="2020-05-27T20:39:50Z">
          <reporter-output>
          </reporter-output>
        </test-method> <!-- tearDown -->
        <test-method status="PASS" signature="setUp()[pri:0, instance:com.crm.qa.testcases.LoginPageTest@3159c4b8]" name="setUp" is-config="true" duration-ms="15317" started-at="2020-05-27T20:39:50Z" finished-at="2020-05-27T20:40:05Z">
          <reporter-output>
          </reporter-output>
        </test-method> <!-- setUp -->
        <test-method status="PASS" signature="loginTest()[pri:3, instance:com.crm.qa.testcases.LoginPageTest@3159c4b8]" name="loginTest" duration-ms="9201" started-at="2020-05-27T20:40:05Z" finished-at="2020-05-27T20:40:14Z">
          <reporter-output>
          </reporter-output>
        </test-method> <!-- loginTest -->
        <test-method status="PASS" signature="tearDown()[pri:0, instance:com.crm.qa.testcases.LoginPageTest@3159c4b8]" name="tearDown" is-config="true" duration-ms="1536" started-at="2020-05-27T20:40:14Z" finished-at="2020-05-27T20:40:16Z">
          <reporter-output>
          </reporter-output>
        </test-method> <!-- tearDown -->
      </class> <!-- com.crm.qa.testcases.LoginPageTest -->
    </test> <!-- Default test -->
  </suite> <!-- Default suite -->
</testng-results>
